AH00558: apache2: Could not reliably determine the server's fully qualified domain name, using 172.18.0.5. Set the 'ServerName' directive globally to suppress this message
[Wed Jan 29 08:43:00.668129 2020] [mpm_prefork:notice] [pid 1] AH00163: Apache/2.4.25 (Debian) PHP/7.1.20 configured -- resuming normal operations
[Wed Jan 29 08:43:00.668252 2020] [core:notice] [pid 1] AH00094: Command line: 'apache2 -D FOREGROUND'
AH00558: apache2: Could not reliably determine the server's fully qualified domain name, using 172.18.0.5. Set the 'ServerName' directive globally to suppress this message
[Wed Jan 29 09:51:37.359289 2020] [mpm_prefork:notice] [pid 1] AH00163: Apache/2.4.25 (Debian) PHP/7.1.20 configured -- resuming normal operations
[Wed Jan 29 09:51:37.359445 2020] [core:notice] [pid 1] AH00094: Command line: 'apache2 -D FOREGROUND'
AH00558: apache2: Could not reliably determine the server's fully qualified domain name, using 172.18.0.5. Set the 'ServerName' directive globally to suppress this message
[Wed Jan 29 09:52:54.546688 2020] [mpm_prefork:notice] [pid 1] AH00163: Apache/2.4.25 (Debian) PHP/7.1.20 configured -- resuming normal operations
[Wed Jan 29 09:52:54.546807 2020] [core:notice] [pid 1] AH00094: Command line: 'apache2 -D FOREGROUND'
AH00558: apache2: Could not reliably determine the server's fully qualified domain name, using 172.18.0.4. Set the 'ServerName' directive globally to suppress this message
[Wed Jan 29 09:57:44.292097 2020] [mpm_prefork:notice] [pid 1] AH00163: Apache/2.4.25 (Debian) PHP/7.1.20 configured -- resuming normal operations
[Wed Jan 29 09:57:44.292227 2020] [core:notice] [pid 1] AH00094: Command line: 'apache2 -D FOREGROUND'
AH00558: apache2: Could not reliably determine the server's fully qualified domain name, using 172.18.0.4. Set the 'ServerName' directive globally to suppress this message
[Wed Jan 29 09:59:55.668039 2020] [mpm_prefork:notice] [pid 1] AH00163: Apache/2.4.25 (Debian) PHP/7.1.20 configured -- resuming normal operations
[Wed Jan 29 09:59:55.668165 2020] [core:notice] [pid 1] AH00094: Command line: 'apache2 -D FOREGROUND'
[Wed Jan 29 10:09:25.084429 2020] [mpm_prefork:notice] [pid 1] AH00169: caught SIGTERM, shutting down
AH00558: apache2: Could not reliably determine the server's fully qualified domain name, using 172.18.0.4. Set the 'ServerName' directive globally to suppress this message
[Wed Jan 29 10:09:25.835560 2020] [mpm_prefork:notice] [pid 1] AH00163: Apache/2.4.25 (Debian) PHP/7.1.20 configured -- resuming normal operations
[Wed Jan 29 10:09:25.835671 2020] [core:notice] [pid 1] AH00094: Command line: 'apache2 -D FOREGROUND'
[Wed Jan 29 10:09:49.729707 2020] [mpm_prefork:notice] [pid 1] AH00169: caught SIGTERM, shutting down
AH00558: apache2: Could not reliably determine the server's fully qualified domain name, using 172.18.0.4. Set the 'ServerName' directive globally to suppress this message
[Wed Jan 29 10:10:02.543417 2020] [mpm_prefork:notice] [pid 1] AH00163: Apache/2.4.25 (Debian) PHP/7.1.20 configured -- resuming normal operations
[Wed Jan 29 10:10:02.543526 2020] [core:notice] [pid 1] AH00094: Command line: 'apache2 -D FOREGROUND'
[Thu Jan 30 04:43:13.910281 2020] [mpm_prefork:notice] [pid 1] AH00169: caught SIGTERM, shutting down
AH00558: apache2: Could not reliably determine the server's fully qualified domain name, using 172.18.0.4. Set the 'ServerName' directive globally to suppress this message
[Thu Jan 30 04:43:17.162016 2020] [mpm_prefork:notice] [pid 1] AH00163: Apache/2.4.25 (Debian) PHP/7.1.20 configured -- resuming normal operations
[Thu Jan 30 04:43:17.162125 2020] [core:notice] [pid 1] AH00094: Command line: 'apache2 -D FOREGROUND'
[Thu Jan 30 04:44:07.053790 2020] [mpm_prefork:notice] [pid 1] AH00169: caught SIGTERM, shutting down
AH00558: apache2: Could not reliably determine the server's fully qualified domain name, using 172.18.0.4. Set the 'ServerName' directive globally to suppress this message
[Thu Jan 30 04:44:08.690428 2020] [mpm_prefork:notice] [pid 1] AH00163: Apache/2.4.25 (Debian) PHP/7.1.20 configured -- resuming normal operations
[Thu Jan 30 04:44:08.690541 2020] [core:notice] [pid 1] AH00094: Command line: 'apache2 -D FOREGROUND'
AH00558: apache2: Could not reliably determine the server's fully qualified domain name, using 172.18.0.3. Set the 'ServerName' directive globally to suppress this message
Failed loading /usr/local/lib/php/extensions/no-debug-non-zts-20160303/ioncube_loader_lin_7.1.so:  /usr/local/lib/php/extensions/no-debug-non-zts-20160303/ioncube_loader_lin_7.1.so: cannot open shared object file: No such file or directory
[Thu Jan 30 06:51:21.870148 2020] [mpm_prefork:notice] [pid 1] AH00163: Apache/2.4.25 (Debian) PHP/7.1.20 configured -- resuming normal operations
[Thu Jan 30 06:51:21.870258 2020] [core:notice] [pid 1] AH00094: Command line: 'apache2 -D FOREGROUND'
[Thu Jan 30 06:53:35.916984 2020] [mpm_prefork:notice] [pid 1] AH00169: caught SIGTERM, shutting down
AH00558: apache2: Could not reliably determine the server's fully qualified domain name, using 172.18.0.3. Set the 'ServerName' directive globally to suppress this message
Failed loading /usr/local/lib/php/extensions/no-debug-non-zts-20160303/ioncube_loader_lin_7.1.so:  /usr/local/lib/php/extensions/no-debug-non-zts-20160303/ioncube_loader_lin_7.1.so: cannot open shared object file: No such file or directory
[Thu Jan 30 06:53:36.663461 2020] [mpm_prefork:notice] [pid 1] AH00163: Apache/2.4.25 (Debian) PHP/7.1.20 configured -- resuming normal operations
[Thu Jan 30 06:53:36.663574 2020] [core:notice] [pid 1] AH00094: Command line: 'apache2 -D FOREGROUND'
AH00558: apache2: Could not reliably determine the server's fully qualified domain name, using 172.18.0.3. Set the 'ServerName' directive globally to suppress this message
[Thu Jan 30 06:58:33.102460 2020] [mpm_prefork:notice] [pid 1] AH00163: Apache/2.4.25 (Debian) PHP/7.1.20 configured -- resuming normal operations
[Thu Jan 30 06:58:33.102562 2020] [core:notice] [pid 1] AH00094: Command line: 'apache2 -D FOREGROUND'
[Thu Jan 30 06:58:49.243153 2020] [autoindex:error] [pid 16] [client 103.58.103.21:15146] AH01276: Cannot serve directory /var/www/html/: No matching DirectoryIndex (index.php,index.html) found, and server-generated directory index forbidden by Options directive
[Thu Jan 30 06:58:52.286646 2020] [autoindex:error] [pid 16] [client 103.58.103.21:15146] AH01276: Cannot serve directory /var/www/html/: No matching DirectoryIndex (index.php,index.html) found, and server-generated directory index forbidden by Options directive
[Thu Jan 30 06:58:52.937755 2020] [autoindex:error] [pid 16] [client 103.58.103.21:15146] AH01276: Cannot serve directory /var/www/html/: No matching DirectoryIndex (index.php,index.html) found, and server-generated directory index forbidden by Options directive
AH00558: apache2: Could not reliably determine the server's fully qualified domain name, using 172.18.0.3. Set the 'ServerName' directive globally to suppress this message
[Thu Jan 30 07:00:49.481833 2020] [mpm_prefork:notice] [pid 1] AH00163: Apache/2.4.25 (Debian) PHP/7.1.20 configured -- resuming normal operations
[Thu Jan 30 07:00:49.481928 2020] [core:notice] [pid 1] AH00094: Command line: 'apache2 -D FOREGROUND'
AH00558: apache2: Could not reliably determine the server's fully qualified domain name, using 172.18.0.3. Set the 'ServerName' directive globally to suppress this message
[Thu Jan 30 07:04:28.930404 2020] [mpm_prefork:notice] [pid 1] AH00163: Apache/2.4.25 (Debian) PHP/7.1.20 configured -- resuming normal operations
[Thu Jan 30 07:04:28.930510 2020] [core:notice] [pid 1] AH00094: Command line: 'apache2 -D FOREGROUND'
AH00558: apache2: Could not reliably determine the server's fully qualified domain name, using 172.18.0.3. Set the 'ServerName' directive globally to suppress this message
Failed loading /usr/local/lib/php/extensions/no-debug-non-zts-20160303/ioncube_loader_lin_7.1.so:  /usr/local/lib/php/extensions/no-debug-non-zts-20160303/ioncube_loader_lin_7.1.so: cannot open shared object file: No such file or directory
[Thu Jan 30 07:07:50.358751 2020] [mpm_prefork:notice] [pid 1] AH00163: Apache/2.4.25 (Debian) PHP/7.1.20 configured -- resuming normal operations
[Thu Jan 30 07:07:50.358854 2020] [core:notice] [pid 1] AH00094: Command line: 'apache2 -D FOREGROUND'
AH00558: apache2: Could not reliably determine the server's fully qualified domain name, using 172.18.0.3. Set the 'ServerName' directive globally to suppress this message
Failed loading /usr/local/lib/php/extensions/no-debug-non-zts-20160303/ioncube_loader_lin_7.1.so:  /usr/local/lib/php/extensions/no-debug-non-zts-20160303/ioncube_loader_lin_7.1.so: cannot open shared object file: No such file or directory
[Thu Jan 30 07:16:07.202595 2020] [mpm_prefork:notice] [pid 1] AH00163: Apache/2.4.25 (Debian) PHP/7.1.20 configured -- resuming normal operations
[Thu Jan 30 07:16:07.202687 2020] [core:notice] [pid 1] AH00094: Command line: 'apache2 -D FOREGROUND'
[Thu Jan 30 07:21:49.141257 2020] [mpm_prefork:notice] [pid 1] AH00169: caught SIGTERM, shutting down
AH00558: apache2: Could not reliably determine the server's fully qualified domain name, using 172.18.0.3. Set the 'ServerName' directive globally to suppress this message
Failed loading /usr/local/lib/php/extensions/no-debug-non-zts-20160303/ioncube_loader_lin_7.1.so:  /usr/local/lib/php/extensions/no-debug-non-zts-20160303/ioncube_loader_lin_7.1.so: cannot open shared object file: No such file or directory
[Thu Jan 30 07:21:50.063253 2020] [mpm_prefork:notice] [pid 1] AH00163: Apache/2.4.25 (Debian) PHP/7.1.20 configured -- resuming normal operations
[Thu Jan 30 07:21:50.063349 2020] [core:notice] [pid 1] AH00094: Command line: 'apache2 -D FOREGROUND'
AH00558: apache2: Could not reliably determine the server's fully qualified domain name, using 172.18.0.5. Set the 'ServerName' directive globally to suppress this message
Failed loading /usr/local/lib/php/extensions/no-debug-non-zts-20160303/ioncube_loader_lin_7.1.so:  /usr/local/lib/php/extensions/no-debug-non-zts-20160303/ioncube_loader_lin_7.1.so: cannot open shared object file: No such file or directory
[Thu Jan 30 07:30:37.143325 2020] [mpm_prefork:notice] [pid 1] AH00163: Apache/2.4.25 (Debian) PHP/7.1.20 configured -- resuming normal operations
[Thu Jan 30 07:30:37.143414 2020] [core:notice] [pid 1] AH00094: Command line: 'apache2 -D FOREGROUND'
[Thu Jan 30 07:31:46.181777 2020] [mpm_prefork:notice] [pid 1] AH00169: caught SIGTERM, shutting down
AH00558: apache2: Could not reliably determine the server's fully qualified domain name, using 172.18.0.5. Set the 'ServerName' directive globally to suppress this message
Failed loading /usr/local/lib/php/extensions/no-debug-non-zts-20160303/ioncube_loader_lin_7.1.so:  /usr/local/lib/php/extensions/no-debug-non-zts-20160303/ioncube_loader_lin_7.1.so: cannot open shared object file: No such file or directory
[Thu Jan 30 07:31:47.055569 2020] [mpm_prefork:notice] [pid 1] AH00163: Apache/2.4.25 (Debian) PHP/7.1.20 configured -- resuming normal operations
[Thu Jan 30 07:31:47.055680 2020] [core:notice] [pid 1] AH00094: Command line: 'apache2 -D FOREGROUND'
[Thu Jan 30 07:33:14.684811 2020] [mpm_prefork:notice] [pid 1] AH00169: caught SIGTERM, shutting down
AH00558: apache2: Could not reliably determine the server's fully qualified domain name, using 172.18.0.5. Set the 'ServerName' directive globally to suppress this message
Failed loading /usr/local/lib/php/extensions/no-debug-non-zts-20160303/ioncube_loader_lin_7.1.so:  /usr/local/lib/php/extensions/no-debug-non-zts-20160303/ioncube_loader_lin_7.1.so: cannot open shared object file: No such file or directory
[Thu Jan 30 07:33:15.393248 2020] [mpm_prefork:notice] [pid 1] AH00163: Apache/2.4.25 (Debian) PHP/7.1.20 configured -- resuming normal operations
[Thu Jan 30 07:33:15.393329 2020] [core:notice] [pid 1] AH00094: Command line: 'apache2 -D FOREGROUND'
[Thu Jan 30 07:37:05.670627 2020] [mpm_prefork:notice] [pid 1] AH00169: caught SIGTERM, shutting down
AH00558: apache2: Could not reliably determine the server's fully qualified domain name, using 172.18.0.4. Set the 'ServerName' directive globally to suppress this message
Failed loading /usr/local/lib/php/extensions/no-debug-non-zts-20160303/ioncube_loader_lin_7.1.so:  /usr/local/lib/php/extensions/no-debug-non-zts-20160303/ioncube_loader_lin_7.1.so: cannot open shared object file: No such file or directory
[Thu Jan 30 07:40:16.930593 2020] [mpm_prefork:notice] [pid 1] AH00163: Apache/2.4.25 (Debian) PHP/7.1.20 configured -- resuming normal operations
[Thu Jan 30 07:40:16.930682 2020] [core:notice] [pid 1] AH00094: Command line: 'apache2 -D FOREGROUND'
[Thu Jan 30 07:45:37.541721 2020] [mpm_prefork:notice] [pid 1] AH00169: caught SIGTERM, shutting down
AH00558: apache2: Could not reliably determine the server's fully qualified domain name, using 172.18.0.4. Set the 'ServerName' directive globally to suppress this message
Failed loading /usr/local/lib/php/extensions/no-debug-non-zts-20160303/ioncube_loader_lin_7.1.so:  /usr/local/lib/php/extensions/no-debug-non-zts-20160303/ioncube_loader_lin_7.1.so: cannot open shared object file: No such file or directory
[Thu Jan 30 07:45:38.403115 2020] [mpm_prefork:notice] [pid 1] AH00163: Apache/2.4.25 (Debian) PHP/7.1.20 configured -- resuming normal operations
[Thu Jan 30 07:45:38.403232 2020] [core:notice] [pid 1] AH00094: Command line: 'apache2 -D FOREGROUND'
[Thu Jan 30 07:45:49.919012 2020] [mpm_prefork:notice] [pid 1] AH00169: caught SIGTERM, shutting down
AH00558: apache2: Could not reliably determine the server's fully qualified domain name, using 172.18.0.4. Set the 'ServerName' directive globally to suppress this message
Failed loading /usr/local/lib/php/extensions/no-debug-non-zts-20160303/ioncube_loader_lin_7.1.so:  /usr/local/lib/php/extensions/no-debug-non-zts-20160303/ioncube_loader_lin_7.1.so: cannot open shared object file: No such file or directory
[Thu Jan 30 07:45:50.762057 2020] [mpm_prefork:notice] [pid 1] AH00163: Apache/2.4.25 (Debian) PHP/7.1.20 configured -- resuming normal operations
[Thu Jan 30 07:45:50.762154 2020] [core:notice] [pid 1] AH00094: Command line: 'apache2 -D FOREGROUND'
AH00558: apache2: Could not reliably determine the server's fully qualified domain name, using 172.18.0.4. Set the 'ServerName' directive globally to suppress this message
Failed loading /usr/local/lib/php/extensions/no-debug-non-zts-20160303/ioncube_loader_lin_7.1.so:  /usr/local/lib/php/extensions/no-debug-non-zts-20160303/ioncube_loader_lin_7.1.so: cannot open shared object file: No such file or directory
[Thu Jan 30 08:50:31.554114 2020] [mpm_prefork:notice] [pid 1] AH00163: Apache/2.4.25 (Debian) PHP/7.1.20 configured -- resuming normal operations
[Thu Jan 30 08:50:31.554212 2020] [core:notice] [pid 1] AH00094: Command line: 'apache2 -D FOREGROUND'
[Thu Jan 30 08:54:29.184898 2020] [mpm_prefork:notice] [pid 1] AH00169: caught SIGTERM, shutting down
AH00558: apache2: Could not reliably determine the server's fully qualified domain name, using 172.18.0.4. Set the 'ServerName' directive globally to suppress this message
Failed loading /usr/local/lib/php/extensions/no-debug-non-zts-20160303/ioncube_loader_lin_7.1.so:  /usr/local/lib/php/extensions/no-debug-non-zts-20160303/ioncube_loader_lin_7.1.so: cannot open shared object file: No such file or directory
[Thu Jan 30 08:58:06.781226 2020] [mpm_prefork:notice] [pid 1] AH00163: Apache/2.4.25 (Debian) PHP/7.1.20 configured -- resuming normal operations
[Thu Jan 30 08:58:06.781328 2020] [core:notice] [pid 1] AH00094: Command line: 'apache2 -D FOREGROUND'
AH00558: apache2: Could not reliably determine the server's fully qualified domain name, using 172.18.0.4. Set the 'ServerName' directive globally to suppress this message
Failed loading /usr/local/lib/php/extensions/no-debug-non-zts-20160303/ioncube_loader_lin_7.1.so:  /usr/local/lib/php/extensions/no-debug-non-zts-20160303/ioncube_loader_lin_7.1.so: cannot open shared object file: No such file or directory
[Thu Jan 30 09:06:30.750028 2020] [mpm_prefork:notice] [pid 1] AH00163: Apache/2.4.25 (Debian) PHP/7.1.20 configured -- resuming normal operations
[Thu Jan 30 09:06:30.750155 2020] [core:notice] [pid 1] AH00094: Command line: 'apache2 -D FOREGROUND'
[Thu Jan 30 09:08:06.487392 2020] [mpm_prefork:notice] [pid 1] AH00169: caught SIGTERM, shutting down
AH00558: apache2: Could not reliably determine the server's fully qualified domain name, using 172.18.0.4. Set the 'ServerName' directive globally to suppress this message
Failed loading /usr/local/lib/php/extensions/no-debug-non-zts-20160303/ioncube_loader_lin_7.1.so:  /usr/local/lib/php/extensions/no-debug-non-zts-20160303/ioncube_loader_lin_7.1.so: cannot open shared object file: No such file or directory
[Thu Jan 30 09:08:07.643275 2020] [mpm_prefork:notice] [pid 1] AH00163: Apache/2.4.25 (Debian) PHP/7.1.20 configured -- resuming normal operations
[Thu Jan 30 09:08:07.643364 2020] [core:notice] [pid 1] AH00094: Command line: 'apache2 -D FOREGROUND'
[Thu Jan 30 09:12:32.995784 2020] [mpm_prefork:notice] [pid 1] AH00169: caught SIGTERM, shutting down
AH00558: apache2: Could not reliably determine the server's fully qualified domain name, using 172.18.0.4. Set the 'ServerName' directive globally to suppress this message
Failed loading /usr/local/lib/php/extensions/no-debug-non-zts-20160303/ioncube_loader_lin_7.1.so:  /usr/local/lib/php/extensions/no-debug-non-zts-20160303/ioncube_loader_lin_7.1.so: cannot open shared object file: No such file or directory
[Thu Jan 30 09:12:33.922050 2020] [mpm_prefork:notice] [pid 1] AH00163: Apache/2.4.25 (Debian) PHP/7.1.20 configured -- resuming normal operations
[Thu Jan 30 09:12:33.922136 2020] [core:notice] [pid 1] AH00094: Command line: 'apache2 -D FOREGROUND'
[Thu Jan 30 09:14:50.844359 2020] [mpm_prefork:notice] [pid 1] AH00169: caught SIGTERM, shutting down
AH00558: apache2: Could not reliably determine the server's fully qualified domain name, using 172.18.0.4. Set the 'ServerName' directive globally to suppress this message
Failed loading /usr/local/lib/php/extensions/no-debug-non-zts-20160303/ioncube_loader_lin_7.1.so:  /usr/local/lib/php/extensions/no-debug-non-zts-20160303/ioncube_loader_lin_7.1.so: cannot open shared object file: No such file or directory
[Thu Jan 30 09:14:51.933361 2020] [mpm_prefork:notice] [pid 1] AH00163: Apache/2.4.25 (Debian) PHP/7.1.20 configured -- resuming normal operations
[Thu Jan 30 09:14:51.933462 2020] [core:notice] [pid 1] AH00094: Command line: 'apache2 -D FOREGROUND'
[Thu Jan 30 09:16:13.495357 2020] [mpm_prefork:notice] [pid 1] AH00169: caught SIGTERM, shutting down
AH00558: apache2: Could not reliably determine the server's fully qualified domain name, using 172.18.0.4. Set the 'ServerName' directive globally to suppress this message
Failed loading /usr/local/lib/php/extensions/no-debug-non-zts-20160303/ioncube_loader_lin_7.1.so:  /usr/local/lib/php/extensions/no-debug-non-zts-20160303/ioncube_loader_lin_7.1.so: cannot open shared object file: No such file or directory
[Thu Jan 30 09:16:14.331126 2020] [mpm_prefork:notice] [pid 1] AH00163: Apache/2.4.25 (Debian) PHP/7.1.20 configured -- resuming normal operations
[Thu Jan 30 09:16:14.331248 2020] [core:notice] [pid 1] AH00094: Command line: 'apache2 -D FOREGROUND'
[Thu Jan 30 09:29:20.141565 2020] [mpm_prefork:notice] [pid 1] AH00169: caught SIGTERM, shutting down
AH00558: apache2: Could not reliably determine the server's fully qualified domain name, using 172.18.0.4. Set the 'ServerName' directive globally to suppress this message
Failed loading /usr/local/lib/php/extensions/no-debug-non-zts-20160303/ioncube_loader_lin_7.1.so:  /usr/local/lib/php/extensions/no-debug-non-zts-20160303/ioncube_loader_lin_7.1.so: cannot open shared object file: No such file or directory
[Thu Jan 30 09:29:23.182371 2020] [mpm_prefork:notice] [pid 1] AH00163: Apache/2.4.25 (Debian) PHP/7.1.20 configured -- resuming normal operations
[Thu Jan 30 09:29:23.182468 2020] [core:notice] [pid 1] AH00094: Command line: 'apache2 -D FOREGROUND'
[Thu Jan 30 09:36:22.635654 2020] [mpm_prefork:notice] [pid 1] AH00169: caught SIGTERM, shutting down
AH00558: apache2: Could not reliably determine the server's fully qualified domain name, using 172.18.0.4. Set the 'ServerName' directive globally to suppress this message
Failed loading /usr/local/lib/php/extensions/no-debug-non-zts-20160303/ioncube_loader_lin_7.1.so:  /usr/local/lib/php/extensions/no-debug-non-zts-20160303/ioncube_loader_lin_7.1.so: cannot open shared object file: No such file or directory
[Thu Jan 30 09:36:24.721037 2020] [mpm_prefork:notice] [pid 1] AH00163: Apache/2.4.25 (Debian) PHP/7.1.20 configured -- resuming normal operations
[Thu Jan 30 09:36:24.721134 2020] [core:notice] [pid 1] AH00094: Command line: 'apache2 -D FOREGROUND'
AH00558: apache2: Could not reliably determine the server's fully qualified domain name, using 172.18.0.5. Set the 'ServerName' directive globally to suppress this message
Failed loading /usr/local/lib/php/extensions/no-debug-non-zts-20160303/ioncube_loader_lin_7.1.so:  /usr/local/lib/php/extensions/no-debug-non-zts-20160303/ioncube_loader_lin_7.1.so: cannot open shared object file: No such file or directory
[Fri Jan 31 15:21:56.998260 2020] [mpm_prefork:notice] [pid 1] AH00163: Apache/2.4.25 (Debian) PHP/7.1.20 configured -- resuming normal operations
[Fri Jan 31 15:21:56.998349 2020] [core:notice] [pid 1] AH00094: Command line: 'apache2 -D FOREGROUND'
AH00558: apache2: Could not reliably determine the server's fully qualified domain name, using 172.18.0.5. Set the 'ServerName' directive globally to suppress this message
Failed loading /usr/local/lib/php/extensions/no-debug-non-zts-20160303/ioncube_loader_lin_7.1.so:  /usr/local/lib/php/extensions/no-debug-non-zts-20160303/ioncube_loader_lin_7.1.so: cannot open shared object file: No such file or directory
[Fri Jan 31 15:42:05.117939 2020] [mpm_prefork:notice] [pid 1] AH00163: Apache/2.4.25 (Debian) PHP/7.1.20 configured -- resuming normal operations
[Fri Jan 31 15:42:05.118050 2020] [core:notice] [pid 1] AH00094: Command line: 'apache2 -D FOREGROUND'
